<?xml version="1.0" encoding="UTF-8"?>
<!-- Generated by org.testng.reporters.JUnitReportReporter -->
<testsuite hostname="Sys-PC" name="com.POM.NewToursHomePageTesting" tests="1" failures="0" timestamp="23 Mar 2018 18:16:56 GMT" time="56.125" errors="0">
  <testcase name="HomePageTesting" time="56.125" classname="com.POM.NewToursHomePageTesting"/>
</testsuite> <!-- com.POM.NewToursHomePageTesting -->
