<?xml version="1.0" encoding="UTF-8"?>
<!-- Generated by org.testng.reporters.JUnitReportReporter -->
<testsuite hostname="Sys-PC" name="com.DBTest.NewToursUserRegistrationTest" tests="1" failures="0" timestamp="24 Mar 2018 16:23:34 GMT" time="41.671" errors="0">
  <testcase name="UserRegistration" time="41.671" classname="com.DBTest.NewToursUserRegistrationTest"/>
</testsuite> <!-- com.DBTest.NewToursUserRegistrationTest -->
