<?xml version="1.0" encoding="UTF-8"?>
<!-- Generated by org.testng.reporters.JUnitReportReporter -->
<testsuite hostname="Sys-PC" name="com.KeyWord.NewToursLogInTest" tests="1" failures="0" timestamp="24 Mar 2018 04:51:07 GMT" time="5.778" errors="0">
  <testcase name="LogIn" time="5.778" classname="com.KeyWord.NewToursLogInTest"/>
</testsuite> <!-- com.KeyWord.NewToursLogInTest -->
