<?xml version="1.0" encoding="UTF-8"?>
<!-- Generated by org.testng.reporters.JUnitReportReporter -->
<testsuite hostname="Sys-PC" name="com.DataDriven.NewTours_NewUserRegistartion_MultipleTestData" tests="2" failures="0" timestamp="23 Mar 2018 19:31:05 GMT" time="17.454" errors="0">
  <testcase name="UserRegistration" time="16.354" classname="com.DataDriven.NewTours_NewUserRegistartion_MultipleTestData"/>
  <testcase name="Register" time="1.100" classname="com.DataDriven.NewTours_NewUserRegistartion_MultipleTestData"/>
</testsuite> <!-- com.DataDriven.NewTours_NewUserRegistartion_MultipleTestData -->
